2021-03-01 12:09:24,236 [INFO] from play.api.Play in main - Application started (Prod)
2021-03-01 12:09:25,817 [INFO] from play.core.server.NettyServer in main - Listening for HTTP on /0:0:0:0:0:0:0:0:9000
2021-03-01 13:20:49,692 [INFO] from play.api.Play in main - Application started (Prod)
2021-03-01 13:20:52,601 [ERROR] from play.core.server.NettyServer in main - Failed to listen for HTTP on /0.0.0.0:9000!
2021-03-01 13:22:21,177 [INFO] from play.api.Play in main - Application started (Prod)
2021-03-01 13:22:21,869 [INFO] from play.core.server.NettyServer in main - Listening for HTTP on /0:0:0:0:0:0:0:0:9000
2021-03-01 13:22:35,629 [ERROR] from application in netty-event-loop-4 - 

! @7j0g2gj7m - Internal server error, for (GET) [/] ->
 
play.api.http.HttpErrorHandlerExceptions$$anon$1: Execution exception[[NullPointerException: null]]
	at play.api.http.HttpErrorHandlerExceptions$.throwableToUsefulException(HttpErrorHandler.scala:280)
	at play.api.http.DefaultHttpErrorHandler.onServerError(HttpErrorHandler.scala:206)
	at play.core.server.Server$class.logExceptionAndGetResult$1(Server.scala:45)
	at play.core.server.Server$class.getHandlerFor(Server.scala:65)
	at play.core.server.NettyServer.getHandlerFor(NettyServer.scala:47)
	at play.core.server.netty.PlayRequestHandler.handle(PlayRequestHandler.scala:82)
	at play.core.server.netty.PlayRequestHandler.channelRead(PlayRequestHandler.scala:163)
	at io.netty.channel.AbstractChannelHandlerContext.invokeChannelRead(AbstractChannelHandlerContext.java:318)
	at io.netty.channel.AbstractChannelHandlerContext.fireChannelRead(AbstractChannelHandlerContext.java:304)
	at com.typesafe.netty.http.HttpStreamsHandler.channelRead(HttpStreamsHandler.java:129)
	at com.typesafe.netty.http.HttpStreamsServerHandler.channelRead(HttpStreamsServerHandler.java:96)
	at io.netty.channel.AbstractChannelHandlerContext.invokeChannelRead(AbstractChannelHandlerContext.java:318)
	at io.netty.channel.AbstractChannelHandlerContext.fireChannelRead(AbstractChannelHandlerContext.java:304)
	at io.netty.handler.codec.MessageToMessageDecoder.channelRead(MessageToMessageDecoder.java:103)
	at io.netty.channel.AbstractChannelHandlerContext.invokeChannelRead(AbstractChannelHandlerContext.java:318)
	at io.netty.channel.AbstractChannelHandlerContext.fireChannelRead(AbstractChannelHandlerContext.java:304)
	at io.netty.handler.codec.ByteToMessageDecoder.fireChannelRead(ByteToMessageDecoder.java:276)
	at io.netty.handler.codec.ByteToMessageDecoder.channelRead(ByteToMessageDecoder.java:263)
	at io.netty.channel.AbstractChannelHandlerContext.invokeChannelRead(AbstractChannelHandlerContext.java:318)
	at io.netty.channel.AbstractChannelHandlerContext.fireChannelRead(AbstractChannelHandlerContext.java:304)
	at io.netty.channel.DefaultChannelPipeline.fireChannelRead(DefaultChannelPipeline.java:846)
	at io.netty.channel.nio.AbstractNioByteChannel$NioByteUnsafe.read(AbstractNioByteChannel.java:131)
	at io.netty.channel.nio.NioEventLoop.processSelectedKey(NioEventLoop.java:511)
	at io.netty.channel.nio.NioEventLoop.processSelectedKeysOptimized(NioEventLoop.java:468)
	at io.netty.channel.nio.NioEventLoop.processSelectedKeys(NioEventLoop.java:382)
	at io.netty.channel.nio.NioEventLoop.run(NioEventLoop.java:354)
	at io.netty.util.concurrent.SingleThreadEventExecutor$2.run(SingleThreadEventExecutor.java:112)
	at java.lang.Thread.run(Thread.java:748)
Caused by: java.lang.NullPointerException: null
	at play.core.j.JavaActionAnnotations.<init>(JavaAction.scala:31)
	at play.core.routing.HandlerInvokerFactory$JavaActionInvokerFactory$$anon$14.<init>(HandlerInvoker.scala:127)
	at play.core.routing.HandlerInvokerFactory$JavaActionInvokerFactory.createInvoker(HandlerInvoker.scala:122)
	at play.core.routing.GeneratedRouter.createInvoker(GeneratedRouter.scala:234)
	at router.Routes.router$Routes$$controllers_HomeController_index0_invoker$lzycompute(Routes.scala:61)
	at router.Routes.router$Routes$$controllers_HomeController_index0_invoker(Routes.scala:61)
	at router.Routes$$anonfun$routes$1$$anonfun$applyOrElse$1.apply(Routes.scala:131)
	at router.Routes$$anonfun$routes$1$$anonfun$applyOrElse$1.apply(Routes.scala:130)
	at play.core.routing.GeneratedRouter$$anonfun$call$13.apply(GeneratedRouter.scala:123)
	at play.core.routing.GeneratedRouter$$anonfun$call$13.apply(GeneratedRouter.scala:123)
	at scala.util.Either.fold(Either.scala:99)
	at play.core.routing.GeneratedRouter.call(GeneratedRouter.scala:123)
	at router.Routes$$anonfun$routes$1.applyOrElse(Routes.scala:130)
	at router.Routes$$anonfun$routes$1.applyOrElse(Routes.scala:126)
	at scala.PartialFunction$Lifted.apply(PartialFunction.scala:223)
	at scala.PartialFunction$Lifted.apply(PartialFunction.scala:219)
	at play.api.routing.Router$class.handlerFor(Router.scala:39)
	at play.core.routing.GeneratedRouter.handlerFor(GeneratedRouter.scala:84)
	at play.api.http.DefaultHttpRequestHandler.routeRequest(HttpRequestHandler.scala:172)
	at play.api.http.JavaCompatibleHttpRequestHandler.routeRequest(HttpRequestHandler.scala:204)
	at play.api.http.DefaultHttpRequestHandler.handlerForRequest(HttpRequestHandler.scala:118)
	at play.core.server.Server$class.getHandlerFor(Server.scala:55)
	... 24 common frames omitted
2021-03-01 13:23:45,418 [ERROR] from application in netty-event-loop-6 - 

! @7j0g2kiem - Internal server error, for (GET) [/] ->
 
play.api.http.HttpErrorHandlerExceptions$$anon$1: Execution exception[[NullPointerException: null]]
	at play.api.http.HttpErrorHandlerExceptions$.throwableToUsefulException(HttpErrorHandler.scala:280)
	at play.api.http.DefaultHttpErrorHandler.onServerError(HttpErrorHandler.scala:206)
	at play.core.server.Server$class.logExceptionAndGetResult$1(Server.scala:45)
	at play.core.server.Server$class.getHandlerFor(Server.scala:65)
	at play.core.server.NettyServer.getHandlerFor(NettyServer.scala:47)
	at play.core.server.netty.PlayRequestHandler.handle(PlayRequestHandler.scala:82)
	at play.core.server.netty.PlayRequestHandler.channelRead(PlayRequestHandler.scala:163)
	at io.netty.channel.AbstractChannelHandlerContext.invokeChannelRead(AbstractChannelHandlerContext.java:318)
	at io.netty.channel.AbstractChannelHandlerContext.fireChannelRead(AbstractChannelHandlerContext.java:304)
	at com.typesafe.netty.http.HttpStreamsHandler.channelRead(HttpStreamsHandler.java:129)
	at com.typesafe.netty.http.HttpStreamsServerHandler.channelRead(HttpStreamsServerHandler.java:96)
	at io.netty.channel.AbstractChannelHandlerContext.invokeChannelRead(AbstractChannelHandlerContext.java:318)
	at io.netty.channel.AbstractChannelHandlerContext.fireChannelRead(AbstractChannelHandlerContext.java:304)
	at io.netty.handler.codec.MessageToMessageDecoder.channelRead(MessageToMessageDecoder.java:103)
	at io.netty.channel.AbstractChannelHandlerContext.invokeChannelRead(AbstractChannelHandlerContext.java:318)
	at io.netty.channel.AbstractChannelHandlerContext.fireChannelRead(AbstractChannelHandlerContext.java:304)
	at io.netty.handler.codec.ByteToMessageDecoder.fireChannelRead(ByteToMessageDecoder.java:276)
	at io.netty.handler.codec.ByteToMessageDecoder.channelRead(ByteToMessageDecoder.java:263)
	at io.netty.channel.AbstractChannelHandlerContext.invokeChannelRead(AbstractChannelHandlerContext.java:318)
	at io.netty.channel.AbstractChannelHandlerContext.fireChannelRead(AbstractChannelHandlerContext.java:304)
	at io.netty.channel.DefaultChannelPipeline.fireChannelRead(DefaultChannelPipeline.java:846)
	at io.netty.channel.nio.AbstractNioByteChannel$NioByteUnsafe.read(AbstractNioByteChannel.java:131)
	at io.netty.channel.nio.NioEventLoop.processSelectedKey(NioEventLoop.java:511)
	at io.netty.channel.nio.NioEventLoop.processSelectedKeysOptimized(NioEventLoop.java:468)
	at io.netty.channel.nio.NioEventLoop.processSelectedKeys(NioEventLoop.java:382)
	at io.netty.channel.nio.NioEventLoop.run(NioEventLoop.java:354)
	at io.netty.util.concurrent.SingleThreadEventExecutor$2.run(SingleThreadEventExecutor.java:112)
	at java.lang.Thread.run(Thread.java:748)
Caused by: java.lang.NullPointerException: null
	at play.core.j.JavaActionAnnotations.<init>(JavaAction.scala:31)
	at play.core.routing.HandlerInvokerFactory$JavaActionInvokerFactory$$anon$14.<init>(HandlerInvoker.scala:127)
	at play.core.routing.HandlerInvokerFactory$JavaActionInvokerFactory.createInvoker(HandlerInvoker.scala:122)
	at play.core.routing.GeneratedRouter.createInvoker(GeneratedRouter.scala:234)
	at router.Routes.router$Routes$$controllers_HomeController_index0_invoker$lzycompute(Routes.scala:61)
	at router.Routes.router$Routes$$controllers_HomeController_index0_invoker(Routes.scala:61)
	at router.Routes$$anonfun$routes$1$$anonfun$applyOrElse$1.apply(Routes.scala:131)
	at router.Routes$$anonfun$routes$1$$anonfun$applyOrElse$1.apply(Routes.scala:130)
	at play.core.routing.GeneratedRouter$$anonfun$call$13.apply(GeneratedRouter.scala:123)
	at play.core.routing.GeneratedRouter$$anonfun$call$13.apply(GeneratedRouter.scala:123)
	at scala.util.Either.fold(Either.scala:99)
	at play.core.routing.GeneratedRouter.call(GeneratedRouter.scala:123)
	at router.Routes$$anonfun$routes$1.applyOrElse(Routes.scala:130)
	at router.Routes$$anonfun$routes$1.applyOrElse(Routes.scala:126)
	at scala.PartialFunction$Lifted.apply(PartialFunction.scala:223)
	at scala.PartialFunction$Lifted.apply(PartialFunction.scala:219)
	at play.api.routing.Router$class.handlerFor(Router.scala:39)
	at play.core.routing.GeneratedRouter.handlerFor(GeneratedRouter.scala:84)
	at play.api.http.DefaultHttpRequestHandler.routeRequest(HttpRequestHandler.scala:172)
	at play.api.http.JavaCompatibleHttpRequestHandler.routeRequest(HttpRequestHandler.scala:204)
	at play.api.http.DefaultHttpRequestHandler.handlerForRequest(HttpRequestHandler.scala:118)
	at play.core.server.Server$class.getHandlerFor(Server.scala:55)
	... 24 common frames omitted
2021-03-01 13:23:46,279 [ERROR] from application in netty-event-loop-6 - 

! @7j0g2kjm0 - Internal server error, for (GET) [/] ->
 
play.api.http.HttpErrorHandlerExceptions$$anon$1: Execution exception[[NullPointerException: null]]
	at play.api.http.HttpErrorHandlerExceptions$.throwableToUsefulException(HttpErrorHandler.scala:280)
	at play.api.http.DefaultHttpErrorHandler.onServerError(HttpErrorHandler.scala:206)
	at play.core.server.Server$class.logExceptionAndGetResult$1(Server.scala:45)
	at play.core.server.Server$class.getHandlerFor(Server.scala:65)
	at play.core.server.NettyServer.getHandlerFor(NettyServer.scala:47)
	at play.core.server.netty.PlayRequestHandler.handle(PlayRequestHandler.scala:82)
	at play.core.server.netty.PlayRequestHandler.channelRead(PlayRequestHandler.scala:163)
	at io.netty.channel.AbstractChannelHandlerContext.invokeChannelRead(AbstractChannelHandlerContext.java:318)
	at io.netty.channel.AbstractChannelHandlerContext.fireChannelRead(AbstractChannelHandlerContext.java:304)
	at com.typesafe.netty.http.HttpStreamsHandler.channelRead(HttpStreamsHandler.java:129)
	at com.typesafe.netty.http.HttpStreamsServerHandler.channelRead(HttpStreamsServerHandler.java:96)
	at io.netty.channel.AbstractChannelHandlerContext.invokeChannelRead(AbstractChannelHandlerContext.java:318)
	at io.netty.channel.AbstractChannelHandlerContext.fireChannelRead(AbstractChannelHandlerContext.java:304)
	at io.netty.handler.codec.MessageToMessageDecoder.channelRead(MessageToMessageDecoder.java:103)
	at io.netty.channel.AbstractChannelHandlerContext.invokeChannelRead(AbstractChannelHandlerContext.java:318)
	at io.netty.channel.AbstractChannelHandlerContext.fireChannelRead(AbstractChannelHandlerContext.java:304)
	at io.netty.handler.codec.ByteToMessageDecoder.fireChannelRead(ByteToMessageDecoder.java:276)
	at io.netty.handler.codec.ByteToMessageDecoder.channelRead(ByteToMessageDecoder.java:263)
	at io.netty.channel.AbstractChannelHandlerContext.invokeChannelRead(AbstractChannelHandlerContext.java:318)
	at io.netty.channel.AbstractChannelHandlerContext.fireChannelRead(AbstractChannelHandlerContext.java:304)
	at io.netty.channel.DefaultChannelPipeline.fireChannelRead(DefaultChannelPipeline.java:846)
	at io.netty.channel.nio.AbstractNioByteChannel$NioByteUnsafe.read(AbstractNioByteChannel.java:131)
	at io.netty.channel.nio.NioEventLoop.processSelectedKey(NioEventLoop.java:511)
	at io.netty.channel.nio.NioEventLoop.processSelectedKeysOptimized(NioEventLoop.java:468)
	at io.netty.channel.nio.NioEventLoop.processSelectedKeys(NioEventLoop.java:382)
	at io.netty.channel.nio.NioEventLoop.run(NioEventLoop.java:354)
	at io.netty.util.concurrent.SingleThreadEventExecutor$2.run(SingleThreadEventExecutor.java:112)
	at java.lang.Thread.run(Thread.java:748)
Caused by: java.lang.NullPointerException: null
	at play.core.j.JavaActionAnnotations.<init>(JavaAction.scala:31)
	at play.core.routing.HandlerInvokerFactory$JavaActionInvokerFactory$$anon$14.<init>(HandlerInvoker.scala:127)
	at play.core.routing.HandlerInvokerFactory$JavaActionInvokerFactory.createInvoker(HandlerInvoker.scala:122)
	at play.core.routing.GeneratedRouter.createInvoker(GeneratedRouter.scala:234)
	at router.Routes.router$Routes$$controllers_HomeController_index0_invoker$lzycompute(Routes.scala:61)
	at router.Routes.router$Routes$$controllers_HomeController_index0_invoker(Routes.scala:61)
	at router.Routes$$anonfun$routes$1$$anonfun$applyOrElse$1.apply(Routes.scala:131)
	at router.Routes$$anonfun$routes$1$$anonfun$applyOrElse$1.apply(Routes.scala:130)
	at play.core.routing.GeneratedRouter$$anonfun$call$13.apply(GeneratedRouter.scala:123)
	at play.core.routing.GeneratedRouter$$anonfun$call$13.apply(GeneratedRouter.scala:123)
	at scala.util.Either.fold(Either.scala:99)
	at play.core.routing.GeneratedRouter.call(GeneratedRouter.scala:123)
	at router.Routes$$anonfun$routes$1.applyOrElse(Routes.scala:130)
	at router.Routes$$anonfun$routes$1.applyOrElse(Routes.scala:126)
	at scala.PartialFunction$Lifted.apply(PartialFunction.scala:223)
	at scala.PartialFunction$Lifted.apply(PartialFunction.scala:219)
	at play.api.routing.Router$class.handlerFor(Router.scala:39)
	at play.core.routing.GeneratedRouter.handlerFor(GeneratedRouter.scala:84)
	at play.api.http.DefaultHttpRequestHandler.routeRequest(HttpRequestHandler.scala:172)
	at play.api.http.JavaCompatibleHttpRequestHandler.routeRequest(HttpRequestHandler.scala:204)
	at play.api.http.DefaultHttpRequestHandler.handlerForRequest(HttpRequestHandler.scala:118)
	at play.core.server.Server$class.getHandlerFor(Server.scala:55)
	... 24 common frames omitted
2021-03-01 13:23:47,495 [ERROR] from application in netty-event-loop-7 - 

! @7j0g2klgj - Internal server error, for (GET) [/] ->
 
play.api.http.HttpErrorHandlerExceptions$$anon$1: Execution exception[[NullPointerException: null]]
	at play.api.http.HttpErrorHandlerExceptions$.throwableToUsefulException(HttpErrorHandler.scala:280)
	at play.api.http.DefaultHttpErrorHandler.onServerError(HttpErrorHandler.scala:206)
	at play.core.server.Server$class.logExceptionAndGetResult$1(Server.scala:45)
	at play.core.server.Server$class.getHandlerFor(Server.scala:65)
	at play.core.server.NettyServer.getHandlerFor(NettyServer.scala:47)
	at play.core.server.netty.PlayRequestHandler.handle(PlayRequestHandler.scala:82)
	at play.core.server.netty.PlayRequestHandler.channelRead(PlayRequestHandler.scala:163)
	at io.netty.channel.AbstractChannelHandlerContext.invokeChannelRead(AbstractChannelHandlerContext.java:318)
	at io.netty.channel.AbstractChannelHandlerContext.fireChannelRead(AbstractChannelHandlerContext.java:304)
	at com.typesafe.netty.http.HttpStreamsHandler.channelRead(HttpStreamsHandler.java:129)
	at com.typesafe.netty.http.HttpStreamsServerHandler.channelRead(HttpStreamsServerHandler.java:96)
	at io.netty.channel.AbstractChannelHandlerContext.invokeChannelRead(AbstractChannelHandlerContext.java:318)
	at io.netty.channel.AbstractChannelHandlerContext.fireChannelRead(AbstractChannelHandlerContext.java:304)
	at io.netty.handler.codec.MessageToMessageDecoder.channelRead(MessageToMessageDecoder.java:103)
	at io.netty.channel.AbstractChannelHandlerContext.invokeChannelRead(AbstractChannelHandlerContext.java:318)
	at io.netty.channel.AbstractChannelHandlerContext.fireChannelRead(AbstractChannelHandlerContext.java:304)
	at io.netty.handler.codec.ByteToMessageDecoder.fireChannelRead(ByteToMessageDecoder.java:276)
	at io.netty.handler.codec.ByteToMessageDecoder.channelRead(ByteToMessageDecoder.java:263)
	at io.netty.channel.AbstractChannelHandlerContext.invokeChannelRead(AbstractChannelHandlerContext.java:318)
	at io.netty.channel.AbstractChannelHandlerContext.fireChannelRead(AbstractChannelHandlerContext.java:304)
	at io.netty.channel.DefaultChannelPipeline.fireChannelRead(DefaultChannelPipeline.java:846)
	at io.netty.channel.nio.AbstractNioByteChannel$NioByteUnsafe.read(AbstractNioByteChannel.java:131)
	at io.netty.channel.nio.NioEventLoop.processSelectedKey(NioEventLoop.java:511)
	at io.netty.channel.nio.NioEventLoop.processSelectedKeysOptimized(NioEventLoop.java:468)
	at io.netty.channel.nio.NioEventLoop.processSelectedKeys(NioEventLoop.java:382)
	at io.netty.channel.nio.NioEventLoop.run(NioEventLoop.java:354)
	at io.netty.util.concurrent.SingleThreadEventExecutor$2.run(SingleThreadEventExecutor.java:112)
	at java.lang.Thread.run(Thread.java:748)
Caused by: java.lang.NullPointerException: null
	at play.core.j.JavaActionAnnotations.<init>(JavaAction.scala:31)
	at play.core.routing.HandlerInvokerFactory$JavaActionInvokerFactory$$anon$14.<init>(HandlerInvoker.scala:127)
	at play.core.routing.HandlerInvokerFactory$JavaActionInvokerFactory.createInvoker(HandlerInvoker.scala:122)
	at play.core.routing.GeneratedRouter.createInvoker(GeneratedRouter.scala:234)
	at router.Routes.router$Routes$$controllers_HomeController_index0_invoker$lzycompute(Routes.scala:61)
	at router.Routes.router$Routes$$controllers_HomeController_index0_invoker(Routes.scala:61)
	at router.Routes$$anonfun$routes$1$$anonfun$applyOrElse$1.apply(Routes.scala:131)
	at router.Routes$$anonfun$routes$1$$anonfun$applyOrElse$1.apply(Routes.scala:130)
	at play.core.routing.GeneratedRouter$$anonfun$call$13.apply(GeneratedRouter.scala:123)
	at play.core.routing.GeneratedRouter$$anonfun$call$13.apply(GeneratedRouter.scala:123)
	at scala.util.Either.fold(Either.scala:99)
	at play.core.routing.GeneratedRouter.call(GeneratedRouter.scala:123)
	at router.Routes$$anonfun$routes$1.applyOrElse(Routes.scala:130)
	at router.Routes$$anonfun$routes$1.applyOrElse(Routes.scala:126)
	at scala.PartialFunction$Lifted.apply(PartialFunction.scala:223)
	at scala.PartialFunction$Lifted.apply(PartialFunction.scala:219)
	at play.api.routing.Router$class.handlerFor(Router.scala:39)
	at play.core.routing.GeneratedRouter.handlerFor(GeneratedRouter.scala:84)
	at play.api.http.DefaultHttpRequestHandler.routeRequest(HttpRequestHandler.scala:172)
	at play.api.http.JavaCompatibleHttpRequestHandler.routeRequest(HttpRequestHandler.scala:204)
	at play.api.http.DefaultHttpRequestHandler.handlerForRequest(HttpRequestHandler.scala:118)
	at play.core.server.Server$class.getHandlerFor(Server.scala:55)
	... 24 common frames omitted
2021-03-01 13:31:59,676 [INFO] from play.api.Play in main - Application started (Prod)
2021-03-01 13:32:00,416 [INFO] from play.core.server.NettyServer in main - Listening for HTTP on /0:0:0:0:0:0:0:0:9000
2021-03-01 13:32:04,837 [WARN] from com.datastax.driver.core.NettyUtil in application-akka.actor.default-dispatcher-4 - Found Netty's native epoll transport, but not running on linux-based operating system. Using NIO instead.
2021-03-01 14:09:25,718 [INFO] from play.api.Play in main - Application started (Prod)
2021-03-01 14:09:26,619 [INFO] from play.core.server.NettyServer in main - Listening for HTTP on /0:0:0:0:0:0:0:0:9000
2021-03-01 14:09:58,106 [WARN] from com.datastax.driver.core.NettyUtil in application-akka.actor.default-dispatcher-4 - Found Netty's native epoll transport, but not running on linux-based operating system. Using NIO instead.
2021-03-01 14:13:02,504 [INFO] from play.api.Play in main - Application started (Prod)
2021-03-01 14:13:03,400 [ERROR] from play.core.server.NettyServer in main - Failed to listen for HTTP on /0.0.0.0:9000!
2021-03-01 14:13:47,007 [INFO] from play.api.Play in main - Application started (Prod)
2021-03-01 14:13:47,730 [INFO] from play.core.server.NettyServer in main - Listening for HTTP on /0:0:0:0:0:0:0:0:9000
2021-03-01 14:13:55,851 [WARN] from com.datastax.driver.core.NettyUtil in application-akka.actor.default-dispatcher-5 - Found Netty's native epoll transport, but not running on linux-based operating system. Using NIO instead.
2021-03-01 14:19:12,857 [INFO] from play.api.Play in main - Application started (Prod)
2021-03-01 14:19:13,627 [INFO] from play.core.server.NettyServer in main - Listening for HTTP on /0:0:0:0:0:0:0:0:9000
2021-03-01 14:19:19,717 [WARN] from com.datastax.driver.core.NettyUtil in application-akka.actor.default-dispatcher-2 - Found Netty's native epoll transport, but not running on linux-based operating system. Using NIO instead.
2021-03-01 14:49:19,133 [INFO] from play.api.Play in main - Application started (Prod)
2021-03-01 14:49:19,907 [INFO] from play.core.server.NettyServer in main - Listening for HTTP on /0:0:0:0:0:0:0:0:9000
2021-03-01 14:51:23,277 [WARN] from com.datastax.driver.core.NettyUtil in application-akka.actor.default-dispatcher-4 - Found Netty's native epoll transport, but not running on linux-based operating system. Using NIO instead.
2021-03-01 14:53:39,186 [INFO] from play.api.Play in main - Application started (Prod)
2021-03-01 14:53:40,234 [INFO] from play.core.server.NettyServer in main - Listening for HTTP on /0:0:0:0:0:0:0:0:9000
2021-03-01 14:53:45,379 [WARN] from com.datastax.driver.core.NettyUtil in application-akka.actor.default-dispatcher-2 - Found Netty's native epoll transport, but not running on linux-based operating system. Using NIO instead.
2021-03-01 14:57:00,894 [INFO] from play.api.Play in main - Application started (Prod)
2021-03-01 14:57:03,350 [INFO] from play.core.server.NettyServer in main - Listening for HTTP on /0:0:0:0:0:0:0:0:9000
2021-03-01 14:57:09,899 [WARN] from com.datastax.driver.core.NettyUtil in application-akka.actor.default-dispatcher-7 - Found Netty's native epoll transport, but not running on linux-based operating system. Using NIO instead.
2021-03-01 15:00:47,064 [INFO] from play.api.Play in main - Application started (Prod)
2021-03-01 15:00:48,110 [INFO] from play.core.server.NettyServer in main - Listening for HTTP on /0:0:0:0:0:0:0:0:9000
2021-03-01 15:01:46,328 [WARN] from com.datastax.driver.core.NettyUtil in application-akka.actor.default-dispatcher-2 - Found Netty's native epoll transport, but not running on linux-based operating system. Using NIO instead.
2021-03-01 15:03:19,191 [INFO] from play.api.Play in main - Application started (Prod)
2021-03-01 15:03:20,030 [INFO] from play.core.server.NettyServer in main - Listening for HTTP on /0:0:0:0:0:0:0:0:9000
2021-03-01 15:03:22,605 [WARN] from com.datastax.driver.core.NettyUtil in application-akka.actor.default-dispatcher-4 - Found Netty's native epoll transport, but not running on linux-based operating system. Using NIO instead.
2021-03-01 15:06:42,571 [INFO] from play.api.Play in main - Application started (Prod)
2021-03-01 15:06:43,281 [INFO] from play.core.server.NettyServer in main - Listening for HTTP on /0:0:0:0:0:0:0:0:9000
2021-03-01 15:21:01,204 [WARN] from com.datastax.driver.core.NettyUtil in application-akka.actor.default-dispatcher-3 - Found Netty's native epoll transport, but not running on linux-based operating system. Using NIO instead.
2021-03-01 15:25:07,326 [INFO] from play.api.Play in main - Application started (Prod)
2021-03-01 15:25:09,014 [INFO] from play.core.server.NettyServer in main - Listening for HTTP on /0:0:0:0:0:0:0:0:9000
2021-03-01 15:25:20,369 [WARN] from com.datastax.driver.core.NettyUtil in application-akka.actor.default-dispatcher-2 - Found Netty's native epoll transport, but not running on linux-based operating system. Using NIO instead.
2021-03-01 15:33:34,143 [INFO] from play.api.Play in main - Application started (Prod)
2021-03-01 15:33:34,986 [INFO] from play.core.server.NettyServer in main - Listening for HTTP on /0:0:0:0:0:0:0:0:9000
2021-03-01 15:33:42,137 [WARN] from com.datastax.driver.core.NettyUtil in application-akka.actor.default-dispatcher-4 - Found Netty's native epoll transport, but not running on linux-based operating system. Using NIO instead.
2021-03-01 15:38:23,728 [INFO] from play.api.Play in main - Application started (Prod)
2021-03-01 15:38:24,615 [INFO] from play.core.server.NettyServer in main - Listening for HTTP on /0:0:0:0:0:0:0:0:9000
2021-03-01 15:38:40,557 [WARN] from com.datastax.driver.core.NettyUtil in application-akka.actor.default-dispatcher-6 - Found Netty's native epoll transport, but not running on linux-based operating system. Using NIO instead.
2021-03-01 15:38:43,717 [ERROR] from application in application-akka.actor.default-dispatcher-4 - 

! @7j0gkdc67 - Internal server error, for (POST) [/upload] ->
 
play.api.UnexpectedException: Unexpected exception[InvalidQueryException: Keyspace demo does not exist]
	at play.api.http.HttpErrorHandlerExceptions$.throwableToUsefulException(HttpErrorHandler.scala:276)
	at play.api.http.DefaultHttpErrorHandler.onServerError(HttpErrorHandler.scala:206)
	at play.api.GlobalSettings$class.onError(GlobalSettings.scala:160)
	at play.api.DefaultGlobal$.onError(GlobalSettings.scala:188)
	at play.api.http.GlobalSettingsHttpErrorHandler.onServerError(HttpErrorHandler.scala:98)
	at play.core.server.netty.PlayRequestHandler$$anonfun$2$$anonfun$apply$1.applyOrElse(PlayRequestHandler.scala:100)
	at play.core.server.netty.PlayRequestHandler$$anonfun$2$$anonfun$apply$1.applyOrElse(PlayRequestHandler.scala:99)
	at scala.concurrent.Future$$anonfun$recoverWith$1.apply(Future.scala:344)
	at scala.concurrent.Future$$anonfun$recoverWith$1.apply(Future.scala:343)
	at scala.concurrent.impl.CallbackRunnable.run(Promise.scala:32)
	at play.api.libs.iteratee.Execution$trampoline$.execute(Execution.scala:70)
	at scala.concurrent.impl.CallbackRunnable.executeWithValue(Promise.scala:40)
	at scala.concurrent.impl.Promise$DefaultPromise.tryComplete(Promise.scala:248)
	at scala.concurrent.impl.Promise$DefaultPromise.link(Promise.scala:304)
	at scala.concurrent.impl.Promise$DefaultPromise.linkRootOf(Promise.scala:289)
	at scala.concurrent.Future$$anonfun$flatMap$1.apply(Future.scala:253)
	at scala.concurrent.Future$$anonfun$flatMap$1.apply(Future.scala:249)
	at scala.concurrent.impl.CallbackRunnable.run(Promise.scala:32)
	at akka.dispatch.BatchingExecutor$AbstractBatch.processBatch(BatchingExecutor.scala:55)
	at akka.dispatch.BatchingExecutor$BlockableBatch$$anonfun$run$1.apply$mcV$sp(BatchingExecutor.scala:91)
	at akka.dispatch.BatchingExecutor$BlockableBatch$$anonfun$run$1.apply(BatchingExecutor.scala:91)
	at akka.dispatch.BatchingExecutor$BlockableBatch$$anonfun$run$1.apply(BatchingExecutor.scala:91)
	at scala.concurrent.BlockContext$.withBlockContext(BlockContext.scala:72)
	at akka.dispatch.BatchingExecutor$BlockableBatch.run(BatchingExecutor.scala:90)
	at akka.dispatch.TaskInvocation.run(AbstractDispatcher.scala:39)
	at akka.dispatch.ForkJoinExecutorConfigurator$AkkaForkJoinTask.exec(AbstractDispatcher.scala:405)
	at scala.concurrent.forkjoin.ForkJoinTask.doExec(ForkJoinTask.java:260)
	at scala.concurrent.forkjoin.ForkJoinPool$WorkQueue.runTask(ForkJoinPool.java:1339)
	at scala.concurrent.forkjoin.ForkJoinPool.runWorker(ForkJoinPool.java:1979)
	at scala.concurrent.forkjoin.ForkJoinWorkerThread.run(ForkJoinWorkerThread.java:107)
Caused by: com.datastax.driver.core.exceptions.InvalidQueryException: Keyspace demo does not exist
	at com.datastax.driver.core.exceptions.InvalidQueryException.copy(InvalidQueryException.java:50)
	at com.datastax.driver.core.DriverThrowables.propagateCause(DriverThrowables.java:35)
	at com.datastax.driver.core.DefaultResultSetFuture.getUninterruptibly(DefaultResultSetFuture.java:293)
	at com.datastax.driver.core.AbstractSession.execute(AbstractSession.java:58)
	at com.datastax.driver.core.AbstractSession.execute(AbstractSession.java:39)
	at controllers.HomeController.upload(HomeController.java:104)
	at router.Routes$$anonfun$routes$1$$anonfun$applyOrElse$3$$anonfun$apply$3.apply(Routes.scala:161)
	at router.Routes$$anonfun$routes$1$$anonfun$applyOrElse$3$$anonfun$apply$3.apply(Routes.scala:161)
	at play.core.routing.HandlerInvokerFactory$$anon$4.resultCall(HandlerInvoker.scala:157)
	at play.core.routing.HandlerInvokerFactory$$anon$4.resultCall(HandlerInvoker.scala:156)
	at play.core.routing.HandlerInvokerFactory$JavaActionInvokerFactory$$anon$14$$anon$3$$anon$1.invocation(HandlerInvoker.scala:136)
	at play.core.j.JavaAction$$anon$1.call(JavaAction.scala:73)
	at play.http.HttpRequestHandler$1.call(HttpRequestHandler.java:54)
	at play.core.j.JavaAction$$anonfun$7.apply(JavaAction.scala:108)
	at play.core.j.JavaAction$$anonfun$7.apply(JavaAction.scala:108)
	at scala.concurrent.impl.Future$PromiseCompletingRunnable.liftedTree1$1(Future.scala:24)
	at scala.concurrent.impl.Future$PromiseCompletingRunnable.run(Future.scala:24)
	at play.core.j.HttpExecutionContext$$anon$2.run(HttpExecutionContext.scala:56)
	at play.api.libs.iteratee.Execution$trampoline$.execute(Execution.scala:70)
	at play.core.j.HttpExecutionContext.execute(HttpExecutionContext.scala:48)
	at scala.concurrent.impl.Future$.apply(Future.scala:31)
	at scala.concurrent.Future$.apply(Future.scala:492)
	at play.core.j.JavaAction.apply(JavaAction.scala:108)
	at play.api.mvc.Action$$anonfun$apply$2$$anonfun$apply$5$$anonfun$apply$6.apply(Action.scala:112)
	at play.api.mvc.Action$$anonfun$apply$2$$anonfun$apply$5$$anonfun$apply$6.apply(Action.scala:112)
	at play.utils.Threads$.withContextClassLoader(Threads.scala:21)
	at play.api.mvc.Action$$anonfun$apply$2$$anonfun$apply$5.apply(Action.scala:111)
	at play.api.mvc.Action$$anonfun$apply$2$$anonfun$apply$5.apply(Action.scala:110)
	at scala.Option.map(Option.scala:146)
	at play.api.mvc.Action$$anonfun$apply$2.apply(Action.scala:110)
	at play.api.mvc.Action$$anonfun$apply$2.apply(Action.scala:103)
	at scala.concurrent.Future$$anonfun$flatMap$1.apply(Future.scala:251)
	... 14 common frames omitted
Caused by: com.datastax.driver.core.exceptions.InvalidQueryException: Keyspace demo does not exist
	at com.datastax.driver.core.Responses$Error.asException(Responses.java:181)
	at com.datastax.driver.core.DefaultResultSetFuture.onSet(DefaultResultSetFuture.java:215)
	at com.datastax.driver.core.RequestHandler.setFinalResult(RequestHandler.java:235)
	at com.datastax.driver.core.RequestHandler.access$2600(RequestHandler.java:61)
	at com.datastax.driver.core.RequestHandler$SpeculativeExecution.setFinalResult(RequestHandler.java:1011)
	at com.datastax.driver.core.RequestHandler$SpeculativeExecution.onSet(RequestHandler.java:814)
	at com.datastax.driver.core.Connection$Dispatcher.channelRead0(Connection.java:1292)
	at com.datastax.driver.core.Connection$Dispatcher.channelRead0(Connection.java:1210)
	at io.netty.channel.SimpleChannelInboundHandler.channelRead(SimpleChannelInboundHandler.java:105)
	at io.netty.channel.AbstractChannelHandlerContext.invokeChannelRead(AbstractChannelHandlerContext.java:318)
	at io.netty.channel.AbstractChannelHandlerContext.fireChannelRead(AbstractChannelHandlerContext.java:304)
	at io.netty.handler.timeout.IdleStateHandler.channelRead(IdleStateHandler.java:266)
	at io.netty.channel.AbstractChannelHandlerContext.invokeChannelRead(AbstractChannelHandlerContext.java:318)
	at io.netty.channel.AbstractChannelHandlerContext.fireChannelRead(AbstractChannelHandlerContext.java:304)
	at io.netty.handler.codec.MessageToMessageDecoder.channelRead(MessageToMessageDecoder.java:103)
	at io.netty.channel.AbstractChannelHandlerContext.invokeChannelRead(AbstractChannelHandlerContext.java:318)
	at io.netty.channel.AbstractChannelHandlerContext.fireChannelRead(AbstractChannelHandlerContext.java:304)
	at io.netty.handler.codec.ByteToMessageDecoder.fireChannelRead(ByteToMessageDecoder.java:276)
	at io.netty.handler.codec.ByteToMessageDecoder.channelRead(ByteToMessageDecoder.java:263)
	at io.netty.channel.AbstractChannelHandlerContext.invokeChannelRead(AbstractChannelHandlerContext.java:318)
	at io.netty.channel.AbstractChannelHandlerContext.fireChannelRead(AbstractChannelHandlerContext.java:304)
	at io.netty.channel.ChannelInboundHandlerAdapter.channelRead(ChannelInboundHandlerAdapter.java:86)
	at com.datastax.driver.core.InboundTrafficMeter.channelRead(InboundTrafficMeter.java:38)
	at io.netty.channel.AbstractChannelHandlerContext.invokeChannelRead(AbstractChannelHandlerContext.java:318)
	at io.netty.channel.AbstractChannelHandlerContext.fireChannelRead(AbstractChannelHandlerContext.java:304)
	at io.netty.channel.DefaultChannelPipeline.fireChannelRead(DefaultChannelPipeline.java:846)
	at io.netty.channel.nio.AbstractNioByteChannel$NioByteUnsafe.read(AbstractNioByteChannel.java:131)
	at io.netty.channel.nio.NioEventLoop.processSelectedKey(NioEventLoop.java:511)
	at io.netty.channel.nio.NioEventLoop.processSelectedKeysOptimized(NioEventLoop.java:468)
	at io.netty.channel.nio.NioEventLoop.processSelectedKeys(NioEventLoop.java:382)
	at io.netty.channel.nio.NioEventLoop.run(NioEventLoop.java:354)
	at io.netty.util.concurrent.SingleThreadEventExecutor$2.run(SingleThreadEventExecutor.java:112)
	at io.netty.util.concurrent.DefaultThreadFactory$DefaultRunnableDecorator.run(DefaultThreadFactory.java:137)
	at java.lang.Thread.run(Thread.java:748)
2021-03-01 17:26:25,906 [INFO] from play.api.Play in main - Application started (Prod)
2021-03-01 17:26:27,779 [INFO] from play.core.server.NettyServer in main - Listening for HTTP on /0:0:0:0:0:0:0:0:9000
2021-03-01 17:28:40,198 [WARN] from com.datastax.driver.core.NettyUtil in application-akka.actor.default-dispatcher-2 - Found Netty's native epoll transport, but not running on linux-based operating system. Using NIO instead.
2021-03-01 17:28:59,699 [ERROR] from application in application-akka.actor.default-dispatcher-5 - 

! @7j0h8pn6e - Internal server error, for (POST) [/upload] ->
 
play.api.UnexpectedException: Unexpected exception[InvalidQueryException: unconfigured table employeedata]
	at play.api.http.HttpErrorHandlerExceptions$.throwableToUsefulException(HttpErrorHandler.scala:276)
	at play.api.http.DefaultHttpErrorHandler.onServerError(HttpErrorHandler.scala:206)
	at play.api.GlobalSettings$class.onError(GlobalSettings.scala:160)
	at play.api.DefaultGlobal$.onError(GlobalSettings.scala:188)
	at play.api.http.GlobalSettingsHttpErrorHandler.onServerError(HttpErrorHandler.scala:98)
	at play.core.server.netty.PlayRequestHandler$$anonfun$2$$anonfun$apply$1.applyOrElse(PlayRequestHandler.scala:100)
	at play.core.server.netty.PlayRequestHandler$$anonfun$2$$anonfun$apply$1.applyOrElse(PlayRequestHandler.scala:99)
	at scala.concurrent.Future$$anonfun$recoverWith$1.apply(Future.scala:344)
	at scala.concurrent.Future$$anonfun$recoverWith$1.apply(Future.scala:343)
	at scala.concurrent.impl.CallbackRunnable.run(Promise.scala:32)
	at play.api.libs.iteratee.Execution$trampoline$.execute(Execution.scala:70)
	at scala.concurrent.impl.CallbackRunnable.executeWithValue(Promise.scala:40)
	at scala.concurrent.impl.Promise$DefaultPromise.tryComplete(Promise.scala:248)
	at scala.concurrent.impl.Promise$DefaultPromise.link(Promise.scala:304)
	at scala.concurrent.impl.Promise$DefaultPromise.linkRootOf(Promise.scala:289)
	at scala.concurrent.Future$$anonfun$flatMap$1.apply(Future.scala:253)
	at scala.concurrent.Future$$anonfun$flatMap$1.apply(Future.scala:249)
	at scala.concurrent.impl.CallbackRunnable.run(Promise.scala:32)
	at akka.dispatch.BatchingExecutor$AbstractBatch.processBatch(BatchingExecutor.scala:55)
	at akka.dispatch.BatchingExecutor$BlockableBatch$$anonfun$run$1.apply$mcV$sp(BatchingExecutor.scala:91)
	at akka.dispatch.BatchingExecutor$BlockableBatch$$anonfun$run$1.apply(BatchingExecutor.scala:91)
	at akka.dispatch.BatchingExecutor$BlockableBatch$$anonfun$run$1.apply(BatchingExecutor.scala:91)
	at scala.concurrent.BlockContext$.withBlockContext(BlockContext.scala:72)
	at akka.dispatch.BatchingExecutor$BlockableBatch.run(BatchingExecutor.scala:90)
	at akka.dispatch.TaskInvocation.run(AbstractDispatcher.scala:39)
	at akka.dispatch.ForkJoinExecutorConfigurator$AkkaForkJoinTask.exec(AbstractDispatcher.scala:405)
	at scala.concurrent.forkjoin.ForkJoinTask.doExec(ForkJoinTask.java:260)
	at scala.concurrent.forkjoin.ForkJoinPool$WorkQueue.runTask(ForkJoinPool.java:1339)
	at scala.concurrent.forkjoin.ForkJoinPool.runWorker(ForkJoinPool.java:1979)
	at scala.concurrent.forkjoin.ForkJoinWorkerThread.run(ForkJoinWorkerThread.java:107)
Caused by: com.datastax.driver.core.exceptions.InvalidQueryException: unconfigured table employeedata
	at com.datastax.driver.core.exceptions.InvalidQueryException.copy(InvalidQueryException.java:50)
	at com.datastax.driver.core.DriverThrowables.propagateCause(DriverThrowables.java:35)
	at com.datastax.driver.core.DefaultResultSetFuture.getUninterruptibly(DefaultResultSetFuture.java:293)
	at com.datastax.driver.core.AbstractSession.execute(AbstractSession.java:58)
	at com.datastax.driver.core.AbstractSession.execute(AbstractSession.java:39)
	at controllers.HomeController.upload(HomeController.java:104)
	at router.Routes$$anonfun$routes$1$$anonfun$applyOrElse$3$$anonfun$apply$3.apply(Routes.scala:161)
	at router.Routes$$anonfun$routes$1$$anonfun$applyOrElse$3$$anonfun$apply$3.apply(Routes.scala:161)
	at play.core.routing.HandlerInvokerFactory$$anon$4.resultCall(HandlerInvoker.scala:157)
	at play.core.routing.HandlerInvokerFactory$$anon$4.resultCall(HandlerInvoker.scala:156)
	at play.core.routing.HandlerInvokerFactory$JavaActionInvokerFactory$$anon$14$$anon$3$$anon$1.invocation(HandlerInvoker.scala:136)
	at play.core.j.JavaAction$$anon$1.call(JavaAction.scala:73)
	at play.http.HttpRequestHandler$1.call(HttpRequestHandler.java:54)
	at play.core.j.JavaAction$$anonfun$7.apply(JavaAction.scala:108)
	at play.core.j.JavaAction$$anonfun$7.apply(JavaAction.scala:108)
	at scala.concurrent.impl.Future$PromiseCompletingRunnable.liftedTree1$1(Future.scala:24)
	at scala.concurrent.impl.Future$PromiseCompletingRunnable.run(Future.scala:24)
	at play.core.j.HttpExecutionContext$$anon$2.run(HttpExecutionContext.scala:56)
	at play.api.libs.iteratee.Execution$trampoline$.execute(Execution.scala:70)
	at play.core.j.HttpExecutionContext.execute(HttpExecutionContext.scala:48)
	at scala.concurrent.impl.Future$.apply(Future.scala:31)
	at scala.concurrent.Future$.apply(Future.scala:492)
	at play.core.j.JavaAction.apply(JavaAction.scala:108)
	at play.api.mvc.Action$$anonfun$apply$2$$anonfun$apply$5$$anonfun$apply$6.apply(Action.scala:112)
	at play.api.mvc.Action$$anonfun$apply$2$$anonfun$apply$5$$anonfun$apply$6.apply(Action.scala:112)
	at play.utils.Threads$.withContextClassLoader(Threads.scala:21)
	at play.api.mvc.Action$$anonfun$apply$2$$anonfun$apply$5.apply(Action.scala:111)
	at play.api.mvc.Action$$anonfun$apply$2$$anonfun$apply$5.apply(Action.scala:110)
	at scala.Option.map(Option.scala:146)
	at play.api.mvc.Action$$anonfun$apply$2.apply(Action.scala:110)
	at play.api.mvc.Action$$anonfun$apply$2.apply(Action.scala:103)
	at scala.concurrent.Future$$anonfun$flatMap$1.apply(Future.scala:251)
	... 14 common frames omitted
Caused by: com.datastax.driver.core.exceptions.InvalidQueryException: unconfigured table employeedata
	at com.datastax.driver.core.Responses$Error.asException(Responses.java:181)
	at com.datastax.driver.core.DefaultResultSetFuture.onSet(DefaultResultSetFuture.java:215)
	at com.datastax.driver.core.RequestHandler.setFinalResult(RequestHandler.java:235)
	at com.datastax.driver.core.RequestHandler.access$2600(RequestHandler.java:61)
	at com.datastax.driver.core.RequestHandler$SpeculativeExecution.setFinalResult(RequestHandler.java:1011)
	at com.datastax.driver.core.RequestHandler$SpeculativeExecution.onSet(RequestHandler.java:814)
	at com.datastax.driver.core.Connection$Dispatcher.channelRead0(Connection.java:1292)
	at com.datastax.driver.core.Connection$Dispatcher.channelRead0(Connection.java:1210)
	at io.netty.channel.SimpleChannelInboundHandler.channelRead(SimpleChannelInboundHandler.java:105)
	at io.netty.channel.AbstractChannelHandlerContext.invokeChannelRead(AbstractChannelHandlerContext.java:318)
	at io.netty.channel.AbstractChannelHandlerContext.fireChannelRead(AbstractChannelHandlerContext.java:304)
	at io.netty.handler.timeout.IdleStateHandler.channelRead(IdleStateHandler.java:266)
	at io.netty.channel.AbstractChannelHandlerContext.invokeChannelRead(AbstractChannelHandlerContext.java:318)
	at io.netty.channel.AbstractChannelHandlerContext.fireChannelRead(AbstractChannelHandlerContext.java:304)
	at io.netty.handler.codec.MessageToMessageDecoder.channelRead(MessageToMessageDecoder.java:103)
	at io.netty.channel.AbstractChannelHandlerContext.invokeChannelRead(AbstractChannelHandlerContext.java:318)
	at io.netty.channel.AbstractChannelHandlerContext.fireChannelRead(AbstractChannelHandlerContext.java:304)
	at io.netty.handler.codec.ByteToMessageDecoder.fireChannelRead(ByteToMessageDecoder.java:276)
	at io.netty.handler.codec.ByteToMessageDecoder.channelRead(ByteToMessageDecoder.java:263)
	at io.netty.channel.AbstractChannelHandlerContext.invokeChannelRead(AbstractChannelHandlerContext.java:318)
	at io.netty.channel.AbstractChannelHandlerContext.fireChannelRead(AbstractChannelHandlerContext.java:304)
	at io.netty.channel.ChannelInboundHandlerAdapter.channelRead(ChannelInboundHandlerAdapter.java:86)
	at com.datastax.driver.core.InboundTrafficMeter.channelRead(InboundTrafficMeter.java:38)
	at io.netty.channel.AbstractChannelHandlerContext.invokeChannelRead(AbstractChannelHandlerContext.java:318)
	at io.netty.channel.AbstractChannelHandlerContext.fireChannelRead(AbstractChannelHandlerContext.java:304)
	at io.netty.channel.DefaultChannelPipeline.fireChannelRead(DefaultChannelPipeline.java:846)
	at io.netty.channel.nio.AbstractNioByteChannel$NioByteUnsafe.read(AbstractNioByteChannel.java:131)
	at io.netty.channel.nio.NioEventLoop.processSelectedKey(NioEventLoop.java:511)
	at io.netty.channel.nio.NioEventLoop.processSelectedKeysOptimized(NioEventLoop.java:468)
	at io.netty.channel.nio.NioEventLoop.processSelectedKeys(NioEventLoop.java:382)
	at io.netty.channel.nio.NioEventLoop.run(NioEventLoop.java:354)
	at io.netty.util.concurrent.SingleThreadEventExecutor$2.run(SingleThreadEventExecutor.java:112)
	at io.netty.util.concurrent.DefaultThreadFactory$DefaultRunnableDecorator.run(DefaultThreadFactory.java:137)
	at java.lang.Thread.run(Thread.java:748)
2021-03-01 17:33:47,062 [ERROR] from application in application-akka.actor.default-dispatcher-10 - 

! @7j0h9g693 - Internal server error, for (POST) [/upload] ->
 
play.api.UnexpectedException: Unexpected exception[InvalidQueryException: unconfigured table employeedata]
	at play.api.http.HttpErrorHandlerExceptions$.throwableToUsefulException(HttpErrorHandler.scala:276)
	at play.api.http.DefaultHttpErrorHandler.onServerError(HttpErrorHandler.scala:206)
	at play.api.GlobalSettings$class.onError(GlobalSettings.scala:160)
	at play.api.DefaultGlobal$.onError(GlobalSettings.scala:188)
	at play.api.http.GlobalSettingsHttpErrorHandler.onServerError(HttpErrorHandler.scala:98)
	at play.core.server.netty.PlayRequestHandler$$anonfun$2$$anonfun$apply$1.applyOrElse(PlayRequestHandler.scala:100)
	at play.core.server.netty.PlayRequestHandler$$anonfun$2$$anonfun$apply$1.applyOrElse(PlayRequestHandler.scala:99)
	at scala.concurrent.Future$$anonfun$recoverWith$1.apply(Future.scala:344)
	at scala.concurrent.Future$$anonfun$recoverWith$1.apply(Future.scala:343)
	at scala.concurrent.impl.CallbackRunnable.run(Promise.scala:32)
	at play.api.libs.iteratee.Execution$trampoline$.execute(Execution.scala:70)
	at scala.concurrent.impl.CallbackRunnable.executeWithValue(Promise.scala:40)
	at scala.concurrent.impl.Promise$DefaultPromise.tryComplete(Promise.scala:248)
	at scala.concurrent.impl.Promise$DefaultPromise.link(Promise.scala:304)
	at scala.concurrent.impl.Promise$DefaultPromise.linkRootOf(Promise.scala:289)
	at scala.concurrent.Future$$anonfun$flatMap$1.apply(Future.scala:253)
	at scala.concurrent.Future$$anonfun$flatMap$1.apply(Future.scala:249)
	at scala.concurrent.impl.CallbackRunnable.run(Promise.scala:32)
	at akka.dispatch.BatchingExecutor$AbstractBatch.processBatch(BatchingExecutor.scala:55)
	at akka.dispatch.BatchingExecutor$BlockableBatch$$anonfun$run$1.apply$mcV$sp(BatchingExecutor.scala:91)
	at akka.dispatch.BatchingExecutor$BlockableBatch$$anonfun$run$1.apply(BatchingExecutor.scala:91)
	at akka.dispatch.BatchingExecutor$BlockableBatch$$anonfun$run$1.apply(BatchingExecutor.scala:91)
	at scala.concurrent.BlockContext$.withBlockContext(BlockContext.scala:72)
	at akka.dispatch.BatchingExecutor$BlockableBatch.run(BatchingExecutor.scala:90)
	at akka.dispatch.TaskInvocation.run(AbstractDispatcher.scala:39)
	at akka.dispatch.ForkJoinExecutorConfigurator$AkkaForkJoinTask.exec(AbstractDispatcher.scala:405)
	at scala.concurrent.forkjoin.ForkJoinTask.doExec(ForkJoinTask.java:260)
	at scala.concurrent.forkjoin.ForkJoinPool$WorkQueue.runTask(ForkJoinPool.java:1339)
	at scala.concurrent.forkjoin.ForkJoinPool.runWorker(ForkJoinPool.java:1979)
	at scala.concurrent.forkjoin.ForkJoinWorkerThread.run(ForkJoinWorkerThread.java:107)
Caused by: com.datastax.driver.core.exceptions.InvalidQueryException: unconfigured table employeedata
	at com.datastax.driver.core.exceptions.InvalidQueryException.copy(InvalidQueryException.java:50)
	at com.datastax.driver.core.DriverThrowables.propagateCause(DriverThrowables.java:35)
	at com.datastax.driver.core.DefaultResultSetFuture.getUninterruptibly(DefaultResultSetFuture.java:293)
	at com.datastax.driver.core.AbstractSession.execute(AbstractSession.java:58)
	at com.datastax.driver.core.AbstractSession.execute(AbstractSession.java:39)
	at controllers.HomeController.upload(HomeController.java:104)
	at router.Routes$$anonfun$routes$1$$anonfun$applyOrElse$3$$anonfun$apply$3.apply(Routes.scala:161)
	at router.Routes$$anonfun$routes$1$$anonfun$applyOrElse$3$$anonfun$apply$3.apply(Routes.scala:161)
	at play.core.routing.HandlerInvokerFactory$$anon$4.resultCall(HandlerInvoker.scala:157)
	at play.core.routing.HandlerInvokerFactory$$anon$4.resultCall(HandlerInvoker.scala:156)
	at play.core.routing.HandlerInvokerFactory$JavaActionInvokerFactory$$anon$14$$anon$3$$anon$1.invocation(HandlerInvoker.scala:136)
	at play.core.j.JavaAction$$anon$1.call(JavaAction.scala:73)
	at play.http.HttpRequestHandler$1.call(HttpRequestHandler.java:54)
	at play.core.j.JavaAction$$anonfun$7.apply(JavaAction.scala:108)
	at play.core.j.JavaAction$$anonfun$7.apply(JavaAction.scala:108)
	at scala.concurrent.impl.Future$PromiseCompletingRunnable.liftedTree1$1(Future.scala:24)
	at scala.concurrent.impl.Future$PromiseCompletingRunnable.run(Future.scala:24)
	at play.core.j.HttpExecutionContext$$anon$2.run(HttpExecutionContext.scala:56)
	at play.api.libs.iteratee.Execution$trampoline$.execute(Execution.scala:70)
	at play.core.j.HttpExecutionContext.execute(HttpExecutionContext.scala:48)
	at scala.concurrent.impl.Future$.apply(Future.scala:31)
	at scala.concurrent.Future$.apply(Future.scala:492)
	at play.core.j.JavaAction.apply(JavaAction.scala:108)
	at play.api.mvc.Action$$anonfun$apply$2$$anonfun$apply$5$$anonfun$apply$6.apply(Action.scala:112)
	at play.api.mvc.Action$$anonfun$apply$2$$anonfun$apply$5$$anonfun$apply$6.apply(Action.scala:112)
	at play.utils.Threads$.withContextClassLoader(Threads.scala:21)
	at play.api.mvc.Action$$anonfun$apply$2$$anonfun$apply$5.apply(Action.scala:111)
	at play.api.mvc.Action$$anonfun$apply$2$$anonfun$apply$5.apply(Action.scala:110)
	at scala.Option.map(Option.scala:146)
	at play.api.mvc.Action$$anonfun$apply$2.apply(Action.scala:110)
	at play.api.mvc.Action$$anonfun$apply$2.apply(Action.scala:103)
	at scala.concurrent.Future$$anonfun$flatMap$1.apply(Future.scala:251)
	... 14 common frames omitted
Caused by: com.datastax.driver.core.exceptions.InvalidQueryException: unconfigured table employeedata
	at com.datastax.driver.core.Responses$Error.asException(Responses.java:181)
	at com.datastax.driver.core.DefaultResultSetFuture.onSet(DefaultResultSetFuture.java:215)
	at com.datastax.driver.core.RequestHandler.setFinalResult(RequestHandler.java:235)
	at com.datastax.driver.core.RequestHandler.access$2600(RequestHandler.java:61)
	at com.datastax.driver.core.RequestHandler$SpeculativeExecution.setFinalResult(RequestHandler.java:1011)
	at com.datastax.driver.core.RequestHandler$SpeculativeExecution.onSet(RequestHandler.java:814)
	at com.datastax.driver.core.Connection$Dispatcher.channelRead0(Connection.java:1292)
	at com.datastax.driver.core.Connection$Dispatcher.channelRead0(Connection.java:1210)
	at io.netty.channel.SimpleChannelInboundHandler.channelRead(SimpleChannelInboundHandler.java:105)
	at io.netty.channel.AbstractChannelHandlerContext.invokeChannelRead(AbstractChannelHandlerContext.java:318)
	at io.netty.channel.AbstractChannelHandlerContext.fireChannelRead(AbstractChannelHandlerContext.java:304)
	at io.netty.handler.timeout.IdleStateHandler.channelRead(IdleStateHandler.java:266)
	at io.netty.channel.AbstractChannelHandlerContext.invokeChannelRead(AbstractChannelHandlerContext.java:318)
	at io.netty.channel.AbstractChannelHandlerContext.fireChannelRead(AbstractChannelHandlerContext.java:304)
	at io.netty.handler.codec.MessageToMessageDecoder.channelRead(MessageToMessageDecoder.java:103)
	at io.netty.channel.AbstractChannelHandlerContext.invokeChannelRead(AbstractChannelHandlerContext.java:318)
	at io.netty.channel.AbstractChannelHandlerContext.fireChannelRead(AbstractChannelHandlerContext.java:304)
	at io.netty.handler.codec.ByteToMessageDecoder.fireChannelRead(ByteToMessageDecoder.java:276)
	at io.netty.handler.codec.ByteToMessageDecoder.channelRead(ByteToMessageDecoder.java:263)
	at io.netty.channel.AbstractChannelHandlerContext.invokeChannelRead(AbstractChannelHandlerContext.java:318)
	at io.netty.channel.AbstractChannelHandlerContext.fireChannelRead(AbstractChannelHandlerContext.java:304)
	at io.netty.channel.ChannelInboundHandlerAdapter.channelRead(ChannelInboundHandlerAdapter.java:86)
	at com.datastax.driver.core.InboundTrafficMeter.channelRead(InboundTrafficMeter.java:38)
	at io.netty.channel.AbstractChannelHandlerContext.invokeChannelRead(AbstractChannelHandlerContext.java:318)
	at io.netty.channel.AbstractChannelHandlerContext.fireChannelRead(AbstractChannelHandlerContext.java:304)
	at io.netty.channel.DefaultChannelPipeline.fireChannelRead(DefaultChannelPipeline.java:846)
	at io.netty.channel.nio.AbstractNioByteChannel$NioByteUnsafe.read(AbstractNioByteChannel.java:131)
	at io.netty.channel.nio.NioEventLoop.processSelectedKey(NioEventLoop.java:511)
	at io.netty.channel.nio.NioEventLoop.processSelectedKeysOptimized(NioEventLoop.java:468)
	at io.netty.channel.nio.NioEventLoop.processSelectedKeys(NioEventLoop.java:382)
	at io.netty.channel.nio.NioEventLoop.run(NioEventLoop.java:354)
	at io.netty.util.concurrent.SingleThreadEventExecutor$2.run(SingleThreadEventExecutor.java:112)
	at io.netty.util.concurrent.DefaultThreadFactory$DefaultRunnableDecorator.run(DefaultThreadFactory.java:137)
	at java.lang.Thread.run(Thread.java:748)
2021-03-01 17:40:02,401 [INFO] from play.api.Play in main - Application started (Prod)
2021-03-01 17:40:03,768 [INFO] from play.core.server.NettyServer in main - Listening for HTTP on /0:0:0:0:0:0:0:0:9000
2021-03-01 17:40:13,676 [WARN] from com.datastax.driver.core.NettyUtil in application-akka.actor.default-dispatcher-5 - Found Netty's native epoll transport, but not running on linux-based operating system. Using NIO instead.
2021-03-01 17:40:29,843 [ERROR] from application in application-akka.actor.default-dispatcher-2 - 

! @7j0had445 - Internal server error, for (POST) [/upload] ->
 
play.api.UnexpectedException: Unexpected exception[InvalidQueryException: Invalid STRING constant (7276583274) for "ph" of type bigint]
	at play.api.http.HttpErrorHandlerExceptions$.throwableToUsefulException(HttpErrorHandler.scala:276)
	at play.api.http.DefaultHttpErrorHandler.onServerError(HttpErrorHandler.scala:206)
	at play.api.GlobalSettings$class.onError(GlobalSettings.scala:160)
	at play.api.DefaultGlobal$.onError(GlobalSettings.scala:188)
	at play.api.http.GlobalSettingsHttpErrorHandler.onServerError(HttpErrorHandler.scala:98)
	at play.core.server.netty.PlayRequestHandler$$anonfun$2$$anonfun$apply$1.applyOrElse(PlayRequestHandler.scala:100)
	at play.core.server.netty.PlayRequestHandler$$anonfun$2$$anonfun$apply$1.applyOrElse(PlayRequestHandler.scala:99)
	at scala.concurrent.Future$$anonfun$recoverWith$1.apply(Future.scala:344)
	at scala.concurrent.Future$$anonfun$recoverWith$1.apply(Future.scala:343)
	at scala.concurrent.impl.CallbackRunnable.run(Promise.scala:32)
	at play.api.libs.iteratee.Execution$trampoline$.execute(Execution.scala:70)
	at scala.concurrent.impl.CallbackRunnable.executeWithValue(Promise.scala:40)
	at scala.concurrent.impl.Promise$DefaultPromise.tryComplete(Promise.scala:248)
	at scala.concurrent.impl.Promise$DefaultPromise.link(Promise.scala:304)
	at scala.concurrent.impl.Promise$DefaultPromise.linkRootOf(Promise.scala:289)
	at scala.concurrent.Future$$anonfun$flatMap$1.apply(Future.scala:253)
	at scala.concurrent.Future$$anonfun$flatMap$1.apply(Future.scala:249)
	at scala.concurrent.impl.CallbackRunnable.run(Promise.scala:32)
	at akka.dispatch.BatchingExecutor$AbstractBatch.processBatch(BatchingExecutor.scala:55)
	at akka.dispatch.BatchingExecutor$BlockableBatch$$anonfun$run$1.apply$mcV$sp(BatchingExecutor.scala:91)
	at akka.dispatch.BatchingExecutor$BlockableBatch$$anonfun$run$1.apply(BatchingExecutor.scala:91)
	at akka.dispatch.BatchingExecutor$BlockableBatch$$anonfun$run$1.apply(BatchingExecutor.scala:91)
	at scala.concurrent.BlockContext$.withBlockContext(BlockContext.scala:72)
	at akka.dispatch.BatchingExecutor$BlockableBatch.run(BatchingExecutor.scala:90)
	at akka.dispatch.TaskInvocation.run(AbstractDispatcher.scala:39)
	at akka.dispatch.ForkJoinExecutorConfigurator$AkkaForkJoinTask.exec(AbstractDispatcher.scala:405)
	at scala.concurrent.forkjoin.ForkJoinTask.doExec(ForkJoinTask.java:260)
	at scala.concurrent.forkjoin.ForkJoinPool$WorkQueue.runTask(ForkJoinPool.java:1339)
	at scala.concurrent.forkjoin.ForkJoinPool.runWorker(ForkJoinPool.java:1979)
	at scala.concurrent.forkjoin.ForkJoinWorkerThread.run(ForkJoinWorkerThread.java:107)
Caused by: com.datastax.driver.core.exceptions.InvalidQueryException: Invalid STRING constant (7276583274) for "ph" of type bigint
	at com.datastax.driver.core.exceptions.InvalidQueryException.copy(InvalidQueryException.java:50)
	at com.datastax.driver.core.DriverThrowables.propagateCause(DriverThrowables.java:35)
	at com.datastax.driver.core.DefaultResultSetFuture.getUninterruptibly(DefaultResultSetFuture.java:293)
	at com.datastax.driver.core.AbstractSession.execute(AbstractSession.java:58)
	at com.datastax.driver.core.AbstractSession.execute(AbstractSession.java:39)
	at controllers.HomeController.upload(HomeController.java:104)
	at router.Routes$$anonfun$routes$1$$anonfun$applyOrElse$3$$anonfun$apply$3.apply(Routes.scala:161)
	at router.Routes$$anonfun$routes$1$$anonfun$applyOrElse$3$$anonfun$apply$3.apply(Routes.scala:161)
	at play.core.routing.HandlerInvokerFactory$$anon$4.resultCall(HandlerInvoker.scala:157)
	at play.core.routing.HandlerInvokerFactory$$anon$4.resultCall(HandlerInvoker.scala:156)
	at play.core.routing.HandlerInvokerFactory$JavaActionInvokerFactory$$anon$14$$anon$3$$anon$1.invocation(HandlerInvoker.scala:136)
	at play.core.j.JavaAction$$anon$1.call(JavaAction.scala:73)
	at play.http.HttpRequestHandler$1.call(HttpRequestHandler.java:54)
	at play.core.j.JavaAction$$anonfun$7.apply(JavaAction.scala:108)
	at play.core.j.JavaAction$$anonfun$7.apply(JavaAction.scala:108)
	at scala.concurrent.impl.Future$PromiseCompletingRunnable.liftedTree1$1(Future.scala:24)
	at scala.concurrent.impl.Future$PromiseCompletingRunnable.run(Future.scala:24)
	at play.core.j.HttpExecutionContext$$anon$2.run(HttpExecutionContext.scala:56)
	at play.api.libs.iteratee.Execution$trampoline$.execute(Execution.scala:70)
	at play.core.j.HttpExecutionContext.execute(HttpExecutionContext.scala:48)
	at scala.concurrent.impl.Future$.apply(Future.scala:31)
	at scala.concurrent.Future$.apply(Future.scala:492)
	at play.core.j.JavaAction.apply(JavaAction.scala:108)
	at play.api.mvc.Action$$anonfun$apply$2$$anonfun$apply$5$$anonfun$apply$6.apply(Action.scala:112)
	at play.api.mvc.Action$$anonfun$apply$2$$anonfun$apply$5$$anonfun$apply$6.apply(Action.scala:112)
	at play.utils.Threads$.withContextClassLoader(Threads.scala:21)
	at play.api.mvc.Action$$anonfun$apply$2$$anonfun$apply$5.apply(Action.scala:111)
	at play.api.mvc.Action$$anonfun$apply$2$$anonfun$apply$5.apply(Action.scala:110)
	at scala.Option.map(Option.scala:146)
	at play.api.mvc.Action$$anonfun$apply$2.apply(Action.scala:110)
	at play.api.mvc.Action$$anonfun$apply$2.apply(Action.scala:103)
	at scala.concurrent.Future$$anonfun$flatMap$1.apply(Future.scala:251)
	... 14 common frames omitted
Caused by: com.datastax.driver.core.exceptions.InvalidQueryException: Invalid STRING constant (7276583274) for "ph" of type bigint
	at com.datastax.driver.core.Responses$Error.asException(Responses.java:181)
	at com.datastax.driver.core.DefaultResultSetFuture.onSet(DefaultResultSetFuture.java:215)
	at com.datastax.driver.core.RequestHandler.setFinalResult(RequestHandler.java:235)
	at com.datastax.driver.core.RequestHandler.access$2600(RequestHandler.java:61)
	at com.datastax.driver.core.RequestHandler$SpeculativeExecution.setFinalResult(RequestHandler.java:1011)
	at com.datastax.driver.core.RequestHandler$SpeculativeExecution.onSet(RequestHandler.java:814)
	at com.datastax.driver.core.Connection$Dispatcher.channelRead0(Connection.java:1292)
	at com.datastax.driver.core.Connection$Dispatcher.channelRead0(Connection.java:1210)
	at io.netty.channel.SimpleChannelInboundHandler.channelRead(SimpleChannelInboundHandler.java:105)
	at io.netty.channel.AbstractChannelHandlerContext.invokeChannelRead(AbstractChannelHandlerContext.java:318)
	at io.netty.channel.AbstractChannelHandlerContext.fireChannelRead(AbstractChannelHandlerContext.java:304)
	at io.netty.handler.timeout.IdleStateHandler.channelRead(IdleStateHandler.java:266)
	at io.netty.channel.AbstractChannelHandlerContext.invokeChannelRead(AbstractChannelHandlerContext.java:318)
	at io.netty.channel.AbstractChannelHandlerContext.fireChannelRead(AbstractChannelHandlerContext.java:304)
	at io.netty.handler.codec.MessageToMessageDecoder.channelRead(MessageToMessageDecoder.java:103)
	at io.netty.channel.AbstractChannelHandlerContext.invokeChannelRead(AbstractChannelHandlerContext.java:318)
	at io.netty.channel.AbstractChannelHandlerContext.fireChannelRead(AbstractChannelHandlerContext.java:304)
	at io.netty.handler.codec.ByteToMessageDecoder.fireChannelRead(ByteToMessageDecoder.java:276)
	at io.netty.handler.codec.ByteToMessageDecoder.channelRead(ByteToMessageDecoder.java:263)
	at io.netty.channel.AbstractChannelHandlerContext.invokeChannelRead(AbstractChannelHandlerContext.java:318)
	at io.netty.channel.AbstractChannelHandlerContext.fireChannelRead(AbstractChannelHandlerContext.java:304)
	at io.netty.channel.ChannelInboundHandlerAdapter.channelRead(ChannelInboundHandlerAdapter.java:86)
	at com.datastax.driver.core.InboundTrafficMeter.channelRead(InboundTrafficMeter.java:38)
	at io.netty.channel.AbstractChannelHandlerContext.invokeChannelRead(AbstractChannelHandlerContext.java:318)
	at io.netty.channel.AbstractChannelHandlerContext.fireChannelRead(AbstractChannelHandlerContext.java:304)
	at io.netty.channel.DefaultChannelPipeline.fireChannelRead(DefaultChannelPipeline.java:846)
	at io.netty.channel.nio.AbstractNioByteChannel$NioByteUnsafe.read(AbstractNioByteChannel.java:131)
	at io.netty.channel.nio.NioEventLoop.processSelectedKey(NioEventLoop.java:511)
	at io.netty.channel.nio.NioEventLoop.processSelectedKeysOptimized(NioEventLoop.java:468)
	at io.netty.channel.nio.NioEventLoop.processSelectedKeys(NioEventLoop.java:382)
	at io.netty.channel.nio.NioEventLoop.run(NioEventLoop.java:354)
	at io.netty.util.concurrent.SingleThreadEventExecutor$2.run(SingleThreadEventExecutor.java:112)
	at io.netty.util.concurrent.DefaultThreadFactory$DefaultRunnableDecorator.run(DefaultThreadFactory.java:137)
	at java.lang.Thread.run(Thread.java:748)
2021-03-01 17:42:37,729 [INFO] from play.api.Play in main - Application started (Prod)
2021-03-01 17:42:38,428 [INFO] from play.core.server.NettyServer in main - Listening for HTTP on /0:0:0:0:0:0:0:0:9000
2021-03-01 17:42:46,554 [WARN] from com.datastax.driver.core.NettyUtil in application-akka.actor.default-dispatcher-3 - Found Netty's native epoll transport, but not running on linux-based operating system. Using NIO instead.
2021-03-01 17:43:03,872 [ERROR] from application in application-akka.actor.default-dispatcher-5 - 

! @7j0halo0d - Internal server error, for (POST) [/upload] ->
 
play.api.UnexpectedException: Unexpected exception[InvalidQueryException: Invalid STRING constant (7276583274) for "ph" of type bigint]
	at play.api.http.HttpErrorHandlerExceptions$.throwableToUsefulException(HttpErrorHandler.scala:276)
	at play.api.http.DefaultHttpErrorHandler.onServerError(HttpErrorHandler.scala:206)
	at play.api.GlobalSettings$class.onError(GlobalSettings.scala:160)
	at play.api.DefaultGlobal$.onError(GlobalSettings.scala:188)
	at play.api.http.GlobalSettingsHttpErrorHandler.onServerError(HttpErrorHandler.scala:98)
	at play.core.server.netty.PlayRequestHandler$$anonfun$2$$anonfun$apply$1.applyOrElse(PlayRequestHandler.scala:100)
	at play.core.server.netty.PlayRequestHandler$$anonfun$2$$anonfun$apply$1.applyOrElse(PlayRequestHandler.scala:99)
	at scala.concurrent.Future$$anonfun$recoverWith$1.apply(Future.scala:344)
	at scala.concurrent.Future$$anonfun$recoverWith$1.apply(Future.scala:343)
	at scala.concurrent.impl.CallbackRunnable.run(Promise.scala:32)
	at play.api.libs.iteratee.Execution$trampoline$.execute(Execution.scala:70)
	at scala.concurrent.impl.CallbackRunnable.executeWithValue(Promise.scala:40)
	at scala.concurrent.impl.Promise$DefaultPromise.tryComplete(Promise.scala:248)
	at scala.concurrent.impl.Promise$DefaultPromise.link(Promise.scala:304)
	at scala.concurrent.impl.Promise$DefaultPromise.linkRootOf(Promise.scala:289)
	at scala.concurrent.Future$$anonfun$flatMap$1.apply(Future.scala:253)
	at scala.concurrent.Future$$anonfun$flatMap$1.apply(Future.scala:249)
	at scala.concurrent.impl.CallbackRunnable.run(Promise.scala:32)
	at akka.dispatch.BatchingExecutor$AbstractBatch.processBatch(BatchingExecutor.scala:55)
	at akka.dispatch.BatchingExecutor$BlockableBatch$$anonfun$run$1.apply$mcV$sp(BatchingExecutor.scala:91)
	at akka.dispatch.BatchingExecutor$BlockableBatch$$anonfun$run$1.apply(BatchingExecutor.scala:91)
	at akka.dispatch.BatchingExecutor$BlockableBatch$$anonfun$run$1.apply(BatchingExecutor.scala:91)
	at scala.concurrent.BlockContext$.withBlockContext(BlockContext.scala:72)
	at akka.dispatch.BatchingExecutor$BlockableBatch.run(BatchingExecutor.scala:90)
	at akka.dispatch.TaskInvocation.run(AbstractDispatcher.scala:39)
	at akka.dispatch.ForkJoinExecutorConfigurator$AkkaForkJoinTask.exec(AbstractDispatcher.scala:405)
	at scala.concurrent.forkjoin.ForkJoinTask.doExec(ForkJoinTask.java:260)
	at scala.concurrent.forkjoin.ForkJoinPool$WorkQueue.runTask(ForkJoinPool.java:1339)
	at scala.concurrent.forkjoin.ForkJoinPool.runWorker(ForkJoinPool.java:1979)
	at scala.concurrent.forkjoin.ForkJoinWorkerThread.run(ForkJoinWorkerThread.java:107)
Caused by: com.datastax.driver.core.exceptions.InvalidQueryException: Invalid STRING constant (7276583274) for "ph" of type bigint
	at com.datastax.driver.core.exceptions.InvalidQueryException.copy(InvalidQueryException.java:50)
	at com.datastax.driver.core.DriverThrowables.propagateCause(DriverThrowables.java:35)
	at com.datastax.driver.core.DefaultResultSetFuture.getUninterruptibly(DefaultResultSetFuture.java:293)
	at com.datastax.driver.core.AbstractSession.execute(AbstractSession.java:58)
	at com.datastax.driver.core.AbstractSession.execute(AbstractSession.java:39)
	at controllers.HomeController.upload(HomeController.java:104)
	at router.Routes$$anonfun$routes$1$$anonfun$applyOrElse$3$$anonfun$apply$3.apply(Routes.scala:161)
	at router.Routes$$anonfun$routes$1$$anonfun$applyOrElse$3$$anonfun$apply$3.apply(Routes.scala:161)
	at play.core.routing.HandlerInvokerFactory$$anon$4.resultCall(HandlerInvoker.scala:157)
	at play.core.routing.HandlerInvokerFactory$$anon$4.resultCall(HandlerInvoker.scala:156)
	at play.core.routing.HandlerInvokerFactory$JavaActionInvokerFactory$$anon$14$$anon$3$$anon$1.invocation(HandlerInvoker.scala:136)
	at play.core.j.JavaAction$$anon$1.call(JavaAction.scala:73)
	at play.http.HttpRequestHandler$1.call(HttpRequestHandler.java:54)
	at play.core.j.JavaAction$$anonfun$7.apply(JavaAction.scala:108)
	at play.core.j.JavaAction$$anonfun$7.apply(JavaAction.scala:108)
	at scala.concurrent.impl.Future$PromiseCompletingRunnable.liftedTree1$1(Future.scala:24)
	at scala.concurrent.impl.Future$PromiseCompletingRunnable.run(Future.scala:24)
	at play.core.j.HttpExecutionContext$$anon$2.run(HttpExecutionContext.scala:56)
	at play.api.libs.iteratee.Execution$trampoline$.execute(Execution.scala:70)
	at play.core.j.HttpExecutionContext.execute(HttpExecutionContext.scala:48)
	at scala.concurrent.impl.Future$.apply(Future.scala:31)
	at scala.concurrent.Future$.apply(Future.scala:492)
	at play.core.j.JavaAction.apply(JavaAction.scala:108)
	at play.api.mvc.Action$$anonfun$apply$2$$anonfun$apply$5$$anonfun$apply$6.apply(Action.scala:112)
	at play.api.mvc.Action$$anonfun$apply$2$$anonfun$apply$5$$anonfun$apply$6.apply(Action.scala:112)
	at play.utils.Threads$.withContextClassLoader(Threads.scala:21)
	at play.api.mvc.Action$$anonfun$apply$2$$anonfun$apply$5.apply(Action.scala:111)
	at play.api.mvc.Action$$anonfun$apply$2$$anonfun$apply$5.apply(Action.scala:110)
	at scala.Option.map(Option.scala:146)
	at play.api.mvc.Action$$anonfun$apply$2.apply(Action.scala:110)
	at play.api.mvc.Action$$anonfun$apply$2.apply(Action.scala:103)
	at scala.concurrent.Future$$anonfun$flatMap$1.apply(Future.scala:251)
	... 14 common frames omitted
Caused by: com.datastax.driver.core.exceptions.InvalidQueryException: Invalid STRING constant (7276583274) for "ph" of type bigint
	at com.datastax.driver.core.Responses$Error.asException(Responses.java:181)
	at com.datastax.driver.core.DefaultResultSetFuture.onSet(DefaultResultSetFuture.java:215)
	at com.datastax.driver.core.RequestHandler.setFinalResult(RequestHandler.java:235)
	at com.datastax.driver.core.RequestHandler.access$2600(RequestHandler.java:61)
	at com.datastax.driver.core.RequestHandler$SpeculativeExecution.setFinalResult(RequestHandler.java:1011)
	at com.datastax.driver.core.RequestHandler$SpeculativeExecution.onSet(RequestHandler.java:814)
	at com.datastax.driver.core.Connection$Dispatcher.channelRead0(Connection.java:1292)
	at com.datastax.driver.core.Connection$Dispatcher.channelRead0(Connection.java:1210)
	at io.netty.channel.SimpleChannelInboundHandler.channelRead(SimpleChannelInboundHandler.java:105)
	at io.netty.channel.AbstractChannelHandlerContext.invokeChannelRead(AbstractChannelHandlerContext.java:318)
	at io.netty.channel.AbstractChannelHandlerContext.fireChannelRead(AbstractChannelHandlerContext.java:304)
	at io.netty.handler.timeout.IdleStateHandler.channelRead(IdleStateHandler.java:266)
	at io.netty.channel.AbstractChannelHandlerContext.invokeChannelRead(AbstractChannelHandlerContext.java:318)
	at io.netty.channel.AbstractChannelHandlerContext.fireChannelRead(AbstractChannelHandlerContext.java:304)
	at io.netty.handler.codec.MessageToMessageDecoder.channelRead(MessageToMessageDecoder.java:103)
	at io.netty.channel.AbstractChannelHandlerContext.invokeChannelRead(AbstractChannelHandlerContext.java:318)
	at io.netty.channel.AbstractChannelHandlerContext.fireChannelRead(AbstractChannelHandlerContext.java:304)
	at io.netty.handler.codec.ByteToMessageDecoder.fireChannelRead(ByteToMessageDecoder.java:276)
	at io.netty.handler.codec.ByteToMessageDecoder.channelRead(ByteToMessageDecoder.java:263)
	at io.netty.channel.AbstractChannelHandlerContext.invokeChannelRead(AbstractChannelHandlerContext.java:318)
	at io.netty.channel.AbstractChannelHandlerContext.fireChannelRead(AbstractChannelHandlerContext.java:304)
	at io.netty.channel.ChannelInboundHandlerAdapter.channelRead(ChannelInboundHandlerAdapter.java:86)
	at com.datastax.driver.core.InboundTrafficMeter.channelRead(InboundTrafficMeter.java:38)
	at io.netty.channel.AbstractChannelHandlerContext.invokeChannelRead(AbstractChannelHandlerContext.java:318)
	at io.netty.channel.AbstractChannelHandlerContext.fireChannelRead(AbstractChannelHandlerContext.java:304)
	at io.netty.channel.DefaultChannelPipeline.fireChannelRead(DefaultChannelPipeline.java:846)
	at io.netty.channel.nio.AbstractNioByteChannel$NioByteUnsafe.read(AbstractNioByteChannel.java:131)
	at io.netty.channel.nio.NioEventLoop.processSelectedKey(NioEventLoop.java:511)
	at io.netty.channel.nio.NioEventLoop.processSelectedKeysOptimized(NioEventLoop.java:468)
	at io.netty.channel.nio.NioEventLoop.processSelectedKeys(NioEventLoop.java:382)
	at io.netty.channel.nio.NioEventLoop.run(NioEventLoop.java:354)
	at io.netty.util.concurrent.SingleThreadEventExecutor$2.run(SingleThreadEventExecutor.java:112)
	at io.netty.util.concurrent.DefaultThreadFactory$DefaultRunnableDecorator.run(DefaultThreadFactory.java:137)
	at java.lang.Thread.run(Thread.java:748)
2021-03-01 17:50:44,486 [INFO] from play.api.Play in main - Application started (Prod)
2021-03-01 17:50:45,827 [ERROR] from play.core.server.NettyServer in main - Failed to listen for HTTP on /0.0.0.0:9000!
2021-03-01 17:51:25,487 [INFO] from play.api.Play in main - Application started (Prod)
2021-03-01 17:51:26,200 [INFO] from play.core.server.NettyServer in main - Listening for HTTP on /0:0:0:0:0:0:0:0:9000
2021-03-01 17:52:06,740 [WARN] from com.datastax.driver.core.NettyUtil in application-akka.actor.default-dispatcher-5 - Found Netty's native epoll transport, but not running on linux-based operating system. Using NIO instead.
2021-03-01 17:57:11,153 [INFO] from play.api.Play in main - Application started (Prod)
2021-03-01 17:57:11,885 [INFO] from play.core.server.NettyServer in main - Listening for HTTP on /0:0:0:0:0:0:0:0:9000
2021-03-01 17:58:01,321 [WARN] from com.datastax.driver.core.NettyUtil in application-akka.actor.default-dispatcher-5 - Found Netty's native epoll transport, but not running on linux-based operating system. Using NIO instead.
2021-03-02 09:48:23,667 [INFO] from play.api.Play in main - Application started (Prod)
2021-03-02 09:48:25,292 [INFO] from play.core.server.NettyServer in main - Listening for HTTP on /0:0:0:0:0:0:0:0:9000
2021-03-02 09:50:23,521 [WARN] from com.datastax.driver.core.NettyUtil in application-akka.actor.default-dispatcher-4 - Found Netty's native epoll transport, but not running on linux-based operating system. Using NIO instead.
2021-03-02 09:50:27,585 [ERROR] from application in application-akka.actor.default-dispatcher-4 - 

! @7j0m7m9ce - Internal server error, for (GET) [/] ->
 
play.api.UnexpectedException: Unexpected exception[NoHostAvailableException: All host(s) tried for query failed (tried: /127.0.0.1:9042 (com.datastax.driver.core.exceptions.TransportException: [/127.0.0.1:9042] Cannot connect))]
	at play.api.http.HttpErrorHandlerExceptions$.throwableToUsefulException(HttpErrorHandler.scala:276)
	at play.api.http.DefaultHttpErrorHandler.onServerError(HttpErrorHandler.scala:206)
	at play.api.GlobalSettings$class.onError(GlobalSettings.scala:160)
	at play.api.DefaultGlobal$.onError(GlobalSettings.scala:188)
	at play.api.http.GlobalSettingsHttpErrorHandler.onServerError(HttpErrorHandler.scala:98)
	at play.core.server.netty.PlayRequestHandler$$anonfun$2$$anonfun$apply$1.applyOrElse(PlayRequestHandler.scala:100)
	at play.core.server.netty.PlayRequestHandler$$anonfun$2$$anonfun$apply$1.applyOrElse(PlayRequestHandler.scala:99)
	at scala.concurrent.Future$$anonfun$recoverWith$1.apply(Future.scala:344)
	at scala.concurrent.Future$$anonfun$recoverWith$1.apply(Future.scala:343)
	at scala.concurrent.impl.CallbackRunnable.run(Promise.scala:32)
	at play.api.libs.iteratee.Execution$trampoline$.execute(Execution.scala:70)
	at scala.concurrent.impl.CallbackRunnable.executeWithValue(Promise.scala:40)
	at scala.concurrent.impl.Promise$DefaultPromise.tryComplete(Promise.scala:248)
	at scala.concurrent.impl.Promise$DefaultPromise.link(Promise.scala:304)
	at scala.concurrent.impl.Promise$DefaultPromise.linkRootOf(Promise.scala:289)
	at scala.concurrent.Future$$anonfun$flatMap$1.apply(Future.scala:253)
	at scala.concurrent.Future$$anonfun$flatMap$1.apply(Future.scala:249)
	at scala.concurrent.impl.CallbackRunnable.run(Promise.scala:32)
	at akka.dispatch.BatchingExecutor$AbstractBatch.processBatch(BatchingExecutor.scala:55)
	at akka.dispatch.BatchingExecutor$BlockableBatch$$anonfun$run$1.apply$mcV$sp(BatchingExecutor.scala:91)
	at akka.dispatch.BatchingExecutor$BlockableBatch$$anonfun$run$1.apply(BatchingExecutor.scala:91)
	at akka.dispatch.BatchingExecutor$BlockableBatch$$anonfun$run$1.apply(BatchingExecutor.scala:91)
	at scala.concurrent.BlockContext$.withBlockContext(BlockContext.scala:72)
	at akka.dispatch.BatchingExecutor$BlockableBatch.run(BatchingExecutor.scala:90)
	at akka.dispatch.TaskInvocation.run(AbstractDispatcher.scala:39)
	at akka.dispatch.ForkJoinExecutorConfigurator$AkkaForkJoinTask.exec(AbstractDispatcher.scala:405)
	at scala.concurrent.forkjoin.ForkJoinTask.doExec(ForkJoinTask.java:260)
	at scala.concurrent.forkjoin.ForkJoinPool$WorkQueue.runTask(ForkJoinPool.java:1339)
	at scala.concurrent.forkjoin.ForkJoinPool.runWorker(ForkJoinPool.java:1979)
	at scala.concurrent.forkjoin.ForkJoinWorkerThread.run(ForkJoinWorkerThread.java:107)
Caused by: com.datastax.driver.core.exceptions.NoHostAvailableException: All host(s) tried for query failed (tried: /127.0.0.1:9042 (com.datastax.driver.core.exceptions.TransportException: [/127.0.0.1:9042] Cannot connect))
	at com.datastax.driver.core.ControlConnection.reconnectInternal(ControlConnection.java:270)
	at com.datastax.driver.core.ControlConnection.connect(ControlConnection.java:109)
	at com.datastax.driver.core.Cluster$Manager.negotiateProtocolVersionAndConnect(Cluster.java:1813)
	at com.datastax.driver.core.Cluster$Manager.init(Cluster.java:1726)
	at com.datastax.driver.core.Cluster.init(Cluster.java:214)
	at com.datastax.driver.core.Cluster.connectAsync(Cluster.java:387)
	at com.datastax.driver.core.Cluster.connectAsync(Cluster.java:366)
	at com.datastax.driver.core.Cluster.connect(Cluster.java:311)
	at controllers.HomeController.index(HomeController.java:59)
	at router.Routes$$anonfun$routes$1$$anonfun$applyOrElse$1$$anonfun$apply$1.apply(Routes.scala:149)
	at router.Routes$$anonfun$routes$1$$anonfun$applyOrElse$1$$anonfun$apply$1.apply(Routes.scala:149)
	at play.core.routing.HandlerInvokerFactory$$anon$4.resultCall(HandlerInvoker.scala:157)
	at play.core.routing.HandlerInvokerFactory$$anon$4.resultCall(HandlerInvoker.scala:156)
	at play.core.routing.HandlerInvokerFactory$JavaActionInvokerFactory$$anon$14$$anon$3$$anon$1.invocation(HandlerInvoker.scala:136)
	at play.core.j.JavaAction$$anon$1.call(JavaAction.scala:73)
	at play.http.HttpRequestHandler$1.call(HttpRequestHandler.java:54)
	at play.core.j.JavaAction$$anonfun$7.apply(JavaAction.scala:108)
	at play.core.j.JavaAction$$anonfun$7.apply(JavaAction.scala:108)
	at scala.concurrent.impl.Future$PromiseCompletingRunnable.liftedTree1$1(Future.scala:24)
	at scala.concurrent.impl.Future$PromiseCompletingRunnable.run(Future.scala:24)
	at play.core.j.HttpExecutionContext$$anon$2.run(HttpExecutionContext.scala:56)
	at play.api.libs.iteratee.Execution$trampoline$.execute(Execution.scala:70)
	at play.core.j.HttpExecutionContext.execute(HttpExecutionContext.scala:48)
	at scala.concurrent.impl.Future$.apply(Future.scala:31)
	at scala.concurrent.Future$.apply(Future.scala:492)
	at play.core.j.JavaAction.apply(JavaAction.scala:108)
	at play.api.mvc.Action$$anonfun$apply$2$$anonfun$apply$5$$anonfun$apply$6.apply(Action.scala:112)
	at play.api.mvc.Action$$anonfun$apply$2$$anonfun$apply$5$$anonfun$apply$6.apply(Action.scala:112)
	at play.utils.Threads$.withContextClassLoader(Threads.scala:21)
	at play.api.mvc.Action$$anonfun$apply$2$$anonfun$apply$5.apply(Action.scala:111)
	at play.api.mvc.Action$$anonfun$apply$2$$anonfun$apply$5.apply(Action.scala:110)
	at scala.Option.map(Option.scala:146)
	at play.api.mvc.Action$$anonfun$apply$2.apply(Action.scala:110)
	at play.api.mvc.Action$$anonfun$apply$2.apply(Action.scala:103)
	at scala.concurrent.Future$$anonfun$flatMap$1.apply(Future.scala:251)
	... 14 common frames omitted
2021-03-02 17:13:50,223 [INFO] from play.api.Play in main - Application started (Prod)
2021-03-02 17:13:51,523 [INFO] from play.core.server.NettyServer in main - Listening for HTTP on /0:0:0:0:0:0:0:0:9000
2021-03-02 17:14:23,440 [WARN] from com.datastax.driver.core.NettyUtil in application-akka.actor.default-dispatcher-4 - Found Netty's native epoll transport, but not running on linux-based operating system. Using NIO instead.
2021-03-03 10:14:54,112 [INFO] from play.api.Play in main - Application started (Prod)
2021-03-03 10:15:00,484 [INFO] from play.core.server.NettyServer in main - Listening for HTTP on /0:0:0:0:0:0:0:0:9000
2021-03-03 10:15:10,873 [WARN] from com.datastax.driver.core.NettyUtil in application-akka.actor.default-dispatcher-3 - Found Netty's native epoll transport, but not running on linux-based operating system. Using NIO instead.
2021-03-03 15:18:49,030 [INFO] from play.api.Play in main - Application started (Prod)
2021-03-03 15:18:51,109 [INFO] from play.core.server.NettyServer in main - Listening for HTTP on /0:0:0:0:0:0:0:0:9000
2021-03-03 15:19:15,818 [WARN] from com.datastax.driver.core.NettyUtil in application-akka.actor.default-dispatcher-2 - Found Netty's native epoll transport, but not running on linux-based operating system. Using NIO instead.
2021-03-03 15:21:42,463 [INFO] from play.api.Play in main - Application started (Prod)
2021-03-03 15:21:43,179 [INFO] from play.core.server.NettyServer in main - Listening for HTTP on /0:0:0:0:0:0:0:0:9000
2021-03-03 15:21:47,219 [WARN] from com.datastax.driver.core.NettyUtil in application-akka.actor.default-dispatcher-6 - Found Netty's native epoll transport, but not running on linux-based operating system. Using NIO instead.
2021-03-03 16:22:53,826 [INFO] from play.api.Play in main - Application started (Prod)
2021-03-03 16:22:55,490 [INFO] from play.core.server.NettyServer in main - Listening for HTTP on /0:0:0:0:0:0:0:0:9000
2021-03-03 16:23:17,670 [WARN] from com.datastax.driver.core.NettyUtil in application-akka.actor.default-dispatcher-2 - Found Netty's native epoll transport, but not running on linux-based operating system. Using NIO instead.
2021-03-03 16:32:30,398 [INFO] from play.api.Play in main - Application started (Prod)
2021-03-03 16:32:32,241 [INFO] from play.core.server.NettyServer in main - Listening for HTTP on /0:0:0:0:0:0:0:0:9000
2021-03-03 16:32:39,421 [WARN] from com.datastax.driver.core.NettyUtil in application-akka.actor.default-dispatcher-3 - Found Netty's native epoll transport, but not running on linux-based operating system. Using NIO instead.
2021-03-03 16:39:43,318 [INFO] from play.api.Play in main - Application started (Prod)
2021-03-03 16:39:44,105 [INFO] from play.core.server.NettyServer in main - Listening for HTTP on /0:0:0:0:0:0:0:0:9000
2021-03-03 16:39:48,667 [WARN] from com.datastax.driver.core.NettyUtil in application-akka.actor.default-dispatcher-5 - Found Netty's native epoll transport, but not running on linux-based operating system. Using NIO instead.
2021-03-04 10:43:11,091 [INFO] from play.api.Play in main - Application started (Prod)
2021-03-04 10:43:12,852 [INFO] from play.core.server.NettyServer in main - Listening for HTTP on /0:0:0:0:0:0:0:0:9000
2021-03-04 16:36:38,782 [INFO] from play.api.Play in main - Application started (Prod)
2021-03-04 23:13:04,319 [INFO] from play.api.Play in main - Application started (Prod)
2021-03-04 23:14:23,902 [INFO] from play.api.Play in main - Application started (Prod)
2021-03-04 23:15:36,572 [INFO] from play.api.Play in main - Application started (Prod)
2021-03-04 23:15:37,463 [INFO] from play.core.server.NettyServer in main - Listening for HTTP on /0:0:0:0:0:0:0:0:9000
2021-03-08 09:33:11,566 [INFO] from play.api.Play in main - Application started (Prod)
2021-03-08 09:33:14,535 [INFO] from play.core.server.NettyServer in main - Listening for HTTP on /0:0:0:0:0:0:0:0:9000
